<?xml version="1.0" encoding="UTF-8"?>
<testng-results ignored="0" total="1" passed="1" failed="0" skipped="0">
  <reporter-output>
    <line>
      <![CDATA[Hello World]]>
    </line>
  </reporter-output>
  <suite started-at="2024-06-12T19:06:11 IST" name="Suite" finished-at="2024-06-12T19:06:11 IST" duration-ms="303">
    <groups>
    </groups>
    <test started-at="2024-06-12T19:06:11 IST" name="Test" finished-at="2024-06-12T19:06:11 IST" duration-ms="303">
      <class name="com.CrashDataRetrival.testscript.CustomerModule">
        <test-method signature="CreateCustomer()[pri:0, instance:com.CrashDataRetrival.testscript.CustomerModule@576d5deb]" started-at="2024-06-12T19:06:11 IST" name="CreateCustomer" finished-at="2024-06-12T19:06:11 IST" duration-ms="50" status="PASS">
          <reporter-output>
            <line>
              <![CDATA[Hello World]]>
            </line>
          </reporter-output>
        </test-method> <!-- CreateCustomer -->
      </class> <!-- com.CrashDataRetrival.testscript.CustomerModule -->
    </test> <!-- Test -->
  </suite> <!-- Suite -->
</testng-results>
